2025-10-05 09:05:37.735 +03:00 [INF] HTTP GET /swagger/index.html responded 200 in 366.3036 ms
2025-10-05 09:05:38.626 +03:00 [INF] HTTP GET /swagger/v1/swagger.json responded 200 in 290.6458 ms
2025-10-05 09:44:07.000 +03:00 [INF] HTTP GET /swagger/index.html responded 200 in 206.9189 ms
2025-10-05 09:44:07.602 +03:00 [INF] HTTP GET /swagger/v1/swagger.json responded 200 in 239.3110 ms
2025-10-05 16:27:11.765 +03:00 [INF] HTTP GET /swagger/index.html responded 200 in 366.9936 ms
2025-10-05 16:27:12.510 +03:00 [INF] HTTP GET /swagger/v1/swagger.json responded 200 in 273.6145 ms
2025-10-05 16:29:13.670 +03:00 [INF] Log TXT created for ציונים תואר שני.pdf
2025-10-05 16:29:13.676 +03:00 [INF] HTTP POST /api/logger/log responded 200 in 569.8270 ms
2025-10-05 16:32:48.719 +03:00 [INF] HTTP GET /swagger/index.html responded 200 in 247.3785 ms
2025-10-05 16:32:49.240 +03:00 [INF] HTTP GET /swagger/v1/swagger.json responded 200 in 281.2199 ms
2025-10-05 16:34:30.582 +03:00 [INF] Log TXT created for Encryption And Decryption Of Text Files (3).pptx
2025-10-05 16:34:30.587 +03:00 [INF] HTTP POST /api/logger/log responded 200 in 443.3816 ms
2025-10-05 16:35:15.536 +03:00 [INF] Log TXT created for חי פלטשי מטלת הטמעה 9.pdf
2025-10-05 16:35:15.595 +03:00 [INF] HTTP POST /api/logger/log responded 200 in 80.4367 ms
2025-10-05 16:35:28.260 +03:00 [INF] Log TXT created for Lucks-2002-Fast_Software_Encryption,_8th_International_Workshop,_FSE_2001_Yokohama,_Japan,_April....pdf
2025-10-05 16:35:28.300 +03:00 [INF] HTTP POST /api/logger/log responded 200 in 53.0389 ms
2025-10-05 16:35:43.272 +03:00 [INF] Log TXT created for 63012 Assignment 3.pdf
2025-10-05 16:35:43.336 +03:00 [INF] HTTP POST /api/logger/log responded 200 in 71.4099 ms
2025-10-05 16:35:56.705 +03:00 [INF] Log TXT created for Encryption And Decryption Of Text Files (1).pptx
2025-10-05 16:35:56.722 +03:00 [INF] HTTP POST /api/logger/log responded 200 in 43.1678 ms
2025-10-05 16:36:03.404 +03:00 [INF] Log TXT created for Encryption And Decryption Of Text Files.pptx
2025-10-05 16:36:03.434 +03:00 [INF] HTTP POST /api/logger/log responded 200 in 45.9021 ms
2025-10-05 16:36:52.033 +03:00 [INF] Log TXT created for Prospectus - Cyber Security - 2023 (1).docx
2025-10-05 16:36:52.114 +03:00 [INF] HTTP POST /api/logger/log responded 200 in 91.4294 ms
2025-10-05 17:12:47.215 +03:00 [INF] HTTP GET /swagger/index.html responded 200 in 286.2173 ms
2025-10-05 17:12:47.808 +03:00 [INF] HTTP GET /swagger/v1/swagger.json responded 200 in 196.7394 ms
2025-10-05 17:13:28.023 +03:00 [INF] Log TXT created for lect2_cont_cor-01-04-16 (4).pptx
2025-10-05 17:13:28.032 +03:00 [INF] HTTP POST /api/logger/log responded 200 in 812.0691 ms
